<?xml version="1.0" encoding="UTF-8"?>
<!-- Generated by org.testng.reporters.JUnitXMLReporter -->
<testsuite hostname="IBM-Testing01" ignored="0" name="Default test" tests="5" failures="0" timestamp="12 Feb 2020 11:58:43 GMT" time="24.433" errors="0">
  <testcase name="validLoginTest" time="1.277" classname="com.training.sanity.tests.LoginTest"/>
  <testcase name="accountLink" time="0.101" classname="com.training.sanity.tests.LoginTest"/>
  <testcase name="memPayClick" time="0.355" classname="com.training.sanity.tests.LoginTest"/>
  <testcase name="memInput" time="4.862" classname="com.training.sanity.tests.LoginTest"/>
  <testcase name="finalSubmit" time="0.752" classname="com.training.sanity.tests.LoginTest"/>
</testsuite> <!-- Default test -->
