<?xml version="1.0" encoding="UTF-8"?>
<testng-results skipped="0" failed="0" ignored="0" total="2" passed="2">
  <reporter-output>
  </reporter-output>
  <suite name="Default suite" duration-ms="24663" started-at="2020-02-15T11:21:01Z" finished-at="2020-02-15T11:21:25Z">
    <groups>
    </groups>
    <test name="Default test" duration-ms="24663" started-at="2020-02-15T11:21:01Z" finished-at="2020-02-15T11:21:25Z">
      <class name="com.training.sanity.tests.TestMess">
        <test-method status="PASS" signature="setUpBeforeClass()[pri:0, instance:com.training.sanity.tests.TestMess@47c62251]" name="setUpBeforeClass" is-config="true" duration-ms="16" started-at="2020-02-15T11:21:01Z" finished-at="2020-02-15T11:21:01Z">
          <reporter-output>
          </reporter-output>
        </test-method> <!-- setUpBeforeClass -->
        <test-method status="PASS" signature="setUp()[pri:0, instance:com.training.sanity.tests.TestMess@47c62251]" name="setUp" is-config="true" duration-ms="12261" started-at="2020-02-15T11:21:01Z" finished-at="2020-02-15T11:21:13Z">
          <reporter-output>
          </reporter-output>
        </test-method> <!-- setUp -->
        <test-method status="PASS" signature="validLoginTest()[pri:0, instance:com.training.sanity.tests.TestMess@47c62251]" name="validLoginTest" duration-ms="1320" started-at="2020-02-15T11:21:13Z" finished-at="2020-02-15T11:21:14Z">
          <reporter-output>
          </reporter-output>
        </test-method> <!-- validLoginTest -->
        <test-method status="PASS" signature="tearDown()[pri:0, instance:com.training.sanity.tests.TestMess@47c62251]" name="tearDown" is-config="true" duration-ms="1010" started-at="2020-02-15T11:21:14Z" finished-at="2020-02-15T11:21:15Z">
          <reporter-output>
          </reporter-output>
        </test-method> <!-- tearDown -->
        <test-method status="PASS" signature="memInput(java.lang.String, java.lang.String, java.lang.String, java.lang.String)[pri:1, instance:com.training.sanity.tests.TestMess@47c62251]" name="memInput" duration-ms="8200" started-at="2020-02-15T11:21:16Z" data-provider="cyclos" finished-at="2020-02-15T11:21:24Z">
          <params>
            <param index="0">
              <value>
                <![CDATA[Roja]]>
              </value>
            </param>
            <param index="1">
              <value>
                <![CDATA[Roja]]>
              </value>
            </param>
            <param index="2">
              <value>
                <![CDATA[loan]]>
              </value>
            </param>
            <param index="3">
              <value>
                <![CDATA[repayment]]>
              </value>
            </param>
          </params>
          <reporter-output>
          </reporter-output>
        </test-method> <!-- memInput -->
        <test-method status="PASS" signature="tearDown()[pri:0, instance:com.training.sanity.tests.TestMess@47c62251]" name="tearDown" is-config="true" duration-ms="1019" started-at="2020-02-15T11:21:24Z" finished-at="2020-02-15T11:21:25Z">
          <reporter-output>
          </reporter-output>
        </test-method> <!-- tearDown -->
      </class> <!-- com.training.sanity.tests.TestMess -->
    </test> <!-- Default test -->
  </suite> <!-- Default suite -->
</testng-results>
